<?xml version="1.0" encoding="UTF-8"?>
<coverage generated="1610103169630" clover="3.2.0">
  <project timestamp="1610103169630" name="All files">
    <metrics statements="27" coveredstatements="26" conditionals="4" coveredconditionals="4" methods="12" coveredmethods="11" elements="43" coveredelements="41" complexity="0" loc="27" ncloc="27" packages="1" files="4" classes="4"/>
    <file name="anagram.js" path="/home/bron/code/jest/anagram.js">
      <metrics statements="3" coveredstatements="3" conditionals="0" coveredconditionals="0" methods="2" coveredmethods="2"/>
      <line num="2" count="3" type="stmt"/>
      <line num="7" count="6" type="stmt"/>
      <line num="15" count="1" type="stmt"/>
    </file>
    <file name="chunckedArray.js" path="/home/bron/code/jest/chunckedArray.js">
      <metrics statements="9" coveredstatements="9" conditionals="4" coveredconditionals="4" methods="2" coveredmethods="2"/>
      <line num="1" count="1" type="stmt"/>
      <line num="2" count="1" type="stmt"/>
      <line num="4" count="1" type="stmt"/>
      <line num="6" count="10" type="stmt"/>
      <line num="9" count="10" type="cond" truecount="4" falsecount="0"/>
      <line num="10" count="5" type="stmt"/>
      <line num="12" count="5" type="stmt"/>
      <line num="16" count="1" type="stmt"/>
      <line num="19" count="1" type="stmt"/>
    </file>
    <file name="functions.js" path="/home/bron/code/jest/functions.js">
      <metrics statements="12" coveredstatements="11" conditionals="0" coveredconditionals="0" methods="7" coveredmethods="6"/>
      <line num="1" count="1" type="stmt"/>
      <line num="3" count="1" type="stmt"/>
      <line num="4" count="2" type="stmt"/>
      <line num="5" count="1" type="stmt"/>
      <line num="6" count="1" type="stmt"/>
      <line num="8" count="1" type="stmt"/>
      <line num="9" count="1" type="stmt"/>
      <line num="10" count="1" type="stmt"/>
      <line num="12" count="2" type="stmt"/>
      <line num="14" count="2" type="stmt"/>
      <line num="15" count="0" type="stmt"/>
      <line num="18" count="1" type="stmt"/>
    </file>
    <file name="reverseString.js" path="/home/bron/code/jest/reverseString.js">
      <metrics statements="3" coveredstatements="3" conditionals="0" coveredconditionals="0" methods="1" coveredmethods="1"/>
      <line num="1" count="1" type="stmt"/>
      <line num="2" count="2" type="stmt"/>
      <line num="8" count="1" type="stmt"/>
    </file>
  </project>
</coverage>
